<?xml version="1.0" encoding="UTF-8"?>
<testng-results skipped="0" failed="0" ignored="0" total="8" passed="8">
  <reporter-output>
  </reporter-output>
  <suite name="Suite" duration-ms="114662" started-at="2022-02-26T19:54:32Z" finished-at="2022-02-26T19:56:26Z">
    <groups>
    </groups>
    <test name="Test1" duration-ms="15081" started-at="2022-02-26T19:54:32Z" finished-at="2022-02-26T19:54:47Z">
      <class name="seleniumPracticeTest.FileUploadTest">
        <test-method status="PASS" signature="beforeUploadTest()[pri:0, instance:seleniumPracticeTest.FileUploadTest@35fb3008]" name="beforeUploadTest" is-config="true" duration-ms="10838" started-at="2022-02-27T01:24:32Z" finished-at="2022-02-27T01:24:42Z">
          <reporter-output>
          </reporter-output>
        </test-method> <!-- beforeUploadTest -->
        <test-method status="PASS" signature="uploadTest()[pri:0, instance:seleniumPracticeTest.FileUploadTest@35fb3008]" name="uploadTest" duration-ms="3625" started-at="2022-02-27T01:24:42Z" finished-at="2022-02-27T01:24:46Z">
          <reporter-output>
          </reporter-output>
        </test-method> <!-- uploadTest -->
        <test-method status="PASS" signature="afterUploadTest()[pri:0, instance:seleniumPracticeTest.FileUploadTest@35fb3008]" name="afterUploadTest" is-config="true" duration-ms="588" started-at="2022-02-27T01:24:46Z" finished-at="2022-02-27T01:24:47Z">
          <reporter-output>
          </reporter-output>
        </test-method> <!-- afterUploadTest -->
      </class> <!-- seleniumPracticeTest.FileUploadTest -->
    </test> <!-- Test1 -->
    <test name="Test2" duration-ms="12048" started-at="2022-02-26T19:54:47Z" finished-at="2022-02-26T19:54:59Z">
      <class name="seleniumPracticeTest.FileUploadTest">
        <test-method status="PASS" signature="beforeUploadTest()[pri:0, instance:seleniumPracticeTest.FileUploadTest@59e84876]" name="beforeUploadTest" is-config="true" duration-ms="8153" started-at="2022-02-27T01:24:47Z" finished-at="2022-02-27T01:24:55Z">
          <reporter-output>
          </reporter-output>
        </test-method> <!-- beforeUploadTest -->
        <test-method status="PASS" signature="uploadTest()[pri:0, instance:seleniumPracticeTest.FileUploadTest@59e84876]" name="uploadTest" duration-ms="3486" started-at="2022-02-27T01:24:55Z" finished-at="2022-02-27T01:24:58Z">
          <reporter-output>
          </reporter-output>
        </test-method> <!-- uploadTest -->
        <test-method status="PASS" signature="afterUploadTest()[pri:0, instance:seleniumPracticeTest.FileUploadTest@59e84876]" name="afterUploadTest" is-config="true" duration-ms="407" started-at="2022-02-27T01:24:58Z" finished-at="2022-02-27T01:24:59Z">
          <reporter-output>
          </reporter-output>
        </test-method> <!-- afterUploadTest -->
      </class> <!-- seleniumPracticeTest.FileUploadTest -->
    </test> <!-- Test2 -->
    <test name="Test3" duration-ms="12012" started-at="2022-02-26T19:54:59Z" finished-at="2022-02-26T19:55:11Z">
      <class name="seleniumPracticeTest.FileUploadTest">
        <test-method status="PASS" signature="beforeUploadTest()[pri:0, instance:seleniumPracticeTest.FileUploadTest@5cc7c2a6]" name="beforeUploadTest" is-config="true" duration-ms="8225" started-at="2022-02-27T01:24:59Z" finished-at="2022-02-27T01:25:07Z">
          <reporter-output>
          </reporter-output>
        </test-method> <!-- beforeUploadTest -->
        <test-method status="PASS" signature="uploadTest()[pri:0, instance:seleniumPracticeTest.FileUploadTest@5cc7c2a6]" name="uploadTest" duration-ms="3467" started-at="2022-02-27T01:25:07Z" finished-at="2022-02-27T01:25:10Z">
          <reporter-output>
          </reporter-output>
        </test-method> <!-- uploadTest -->
        <test-method status="PASS" signature="afterUploadTest()[pri:0, instance:seleniumPracticeTest.FileUploadTest@5cc7c2a6]" name="afterUploadTest" is-config="true" duration-ms="318" started-at="2022-02-27T01:25:10Z" finished-at="2022-02-27T01:25:11Z">
          <reporter-output>
          </reporter-output>
        </test-method> <!-- afterUploadTest -->
      </class> <!-- seleniumPracticeTest.FileUploadTest -->
    </test> <!-- Test3 -->
    <test name="Test4" duration-ms="15887" started-at="2022-02-26T19:55:11Z" finished-at="2022-02-26T19:55:27Z">
      <class name="seleniumPracticeTest.FileUploadTest">
        <test-method status="PASS" signature="beforeUploadTest()[pri:0, instance:seleniumPracticeTest.FileUploadTest@2669b199]" name="beforeUploadTest" is-config="true" duration-ms="8051" started-at="2022-02-27T01:25:11Z" finished-at="2022-02-27T01:25:19Z">
          <reporter-output>
          </reporter-output>
        </test-method> <!-- beforeUploadTest -->
        <test-method status="PASS" signature="uploadTest()[pri:0, instance:seleniumPracticeTest.FileUploadTest@2669b199]" name="uploadTest" duration-ms="3488" started-at="2022-02-27T01:25:19Z" finished-at="2022-02-27T01:25:22Z">
          <reporter-output>
          </reporter-output>
        </test-method> <!-- uploadTest -->
        <test-method status="PASS" signature="afterUploadTest()[pri:0, instance:seleniumPracticeTest.FileUploadTest@2669b199]" name="afterUploadTest" is-config="true" duration-ms="4347" started-at="2022-02-27T01:25:22Z" finished-at="2022-02-27T01:25:27Z">
          <reporter-output>
          </reporter-output>
        </test-method> <!-- afterUploadTest -->
      </class> <!-- seleniumPracticeTest.FileUploadTest -->
    </test> <!-- Test4 -->
    <test name="Test5" duration-ms="13797" started-at="2022-02-26T19:55:27Z" finished-at="2022-02-26T19:55:41Z">
      <class name="seleniumPracticeTest.FileUploadTest">
        <test-method status="PASS" signature="beforeUploadTest()[pri:0, instance:seleniumPracticeTest.FileUploadTest@7921b0a2]" name="beforeUploadTest" is-config="true" duration-ms="9852" started-at="2022-02-27T01:25:27Z" finished-at="2022-02-27T01:25:37Z">
          <reporter-output>
          </reporter-output>
        </test-method> <!-- beforeUploadTest -->
        <test-method status="PASS" signature="uploadTest()[pri:0, instance:seleniumPracticeTest.FileUploadTest@7921b0a2]" name="uploadTest" duration-ms="3510" started-at="2022-02-27T01:25:37Z" finished-at="2022-02-27T01:25:40Z">
          <reporter-output>
          </reporter-output>
        </test-method> <!-- uploadTest -->
        <test-method status="PASS" signature="afterUploadTest()[pri:0, instance:seleniumPracticeTest.FileUploadTest@7921b0a2]" name="afterUploadTest" is-config="true" duration-ms="434" started-at="2022-02-27T01:25:40Z" finished-at="2022-02-27T01:25:41Z">
          <reporter-output>
          </reporter-output>
        </test-method> <!-- afterUploadTest -->
      </class> <!-- seleniumPracticeTest.FileUploadTest -->
    </test> <!-- Test5 -->
    <test name="Test6" duration-ms="16325" started-at="2022-02-26T19:55:41Z" finished-at="2022-02-26T19:55:57Z">
      <class name="seleniumPracticeTest.FileUploadTest">
        <test-method status="PASS" signature="beforeUploadTest()[pri:0, instance:seleniumPracticeTest.FileUploadTest@3c756e4d]" name="beforeUploadTest" is-config="true" duration-ms="8448" started-at="2022-02-27T01:25:41Z" finished-at="2022-02-27T01:25:49Z">
          <reporter-output>
          </reporter-output>
        </test-method> <!-- beforeUploadTest -->
        <test-method status="PASS" signature="uploadTest()[pri:0, instance:seleniumPracticeTest.FileUploadTest@3c756e4d]" name="uploadTest" duration-ms="3496" started-at="2022-02-27T01:25:49Z" finished-at="2022-02-27T01:25:52Z">
          <reporter-output>
          </reporter-output>
        </test-method> <!-- uploadTest -->
        <test-method status="PASS" signature="afterUploadTest()[pri:0, instance:seleniumPracticeTest.FileUploadTest@3c756e4d]" name="afterUploadTest" is-config="true" duration-ms="4380" started-at="2022-02-27T01:25:52Z" finished-at="2022-02-27T01:25:57Z">
          <reporter-output>
          </reporter-output>
        </test-method> <!-- afterUploadTest -->
      </class> <!-- seleniumPracticeTest.FileUploadTest -->
    </test> <!-- Test6 -->
    <test name="Test7" duration-ms="12161" started-at="2022-02-26T19:55:57Z" finished-at="2022-02-26T19:56:09Z">
      <class name="seleniumPracticeTest.FileUploadTest">
        <test-method status="PASS" signature="beforeUploadTest()[pri:0, instance:seleniumPracticeTest.FileUploadTest@6d8a00e3]" name="beforeUploadTest" is-config="true" duration-ms="8028" started-at="2022-02-27T01:25:57Z" finished-at="2022-02-27T01:26:05Z">
          <reporter-output>
          </reporter-output>
        </test-method> <!-- beforeUploadTest -->
        <test-method status="PASS" signature="uploadTest()[pri:0, instance:seleniumPracticeTest.FileUploadTest@6d8a00e3]" name="uploadTest" duration-ms="3778" started-at="2022-02-27T01:26:05Z" finished-at="2022-02-27T01:26:09Z">
          <reporter-output>
          </reporter-output>
        </test-method> <!-- uploadTest -->
        <test-method status="PASS" signature="afterUploadTest()[pri:0, instance:seleniumPracticeTest.FileUploadTest@6d8a00e3]" name="afterUploadTest" is-config="true" duration-ms="354" started-at="2022-02-27T01:26:09Z" finished-at="2022-02-27T01:26:09Z">
          <reporter-output>
          </reporter-output>
        </test-method> <!-- afterUploadTest -->
      </class> <!-- seleniumPracticeTest.FileUploadTest -->
    </test> <!-- Test7 -->
    <test name="Test8" duration-ms="17261" started-at="2022-02-26T19:56:09Z" finished-at="2022-02-26T19:56:26Z">
      <class name="seleniumPracticeTest.FileUploadTest">
        <test-method status="PASS" signature="beforeUploadTest()[pri:0, instance:seleniumPracticeTest.FileUploadTest@1810399e]" name="beforeUploadTest" is-config="true" duration-ms="9395" started-at="2022-02-27T01:26:09Z" finished-at="2022-02-27T01:26:18Z">
          <reporter-output>
          </reporter-output>
        </test-method> <!-- beforeUploadTest -->
        <test-method status="PASS" signature="uploadTest()[pri:0, instance:seleniumPracticeTest.FileUploadTest@1810399e]" name="uploadTest" duration-ms="3496" started-at="2022-02-27T01:26:18Z" finished-at="2022-02-27T01:26:22Z">
          <reporter-output>
          </reporter-output>
        </test-method> <!-- uploadTest -->
        <test-method status="PASS" signature="afterUploadTest()[pri:0, instance:seleniumPracticeTest.FileUploadTest@1810399e]" name="afterUploadTest" is-config="true" duration-ms="4368" started-at="2022-02-27T01:26:22Z" finished-at="2022-02-27T01:26:26Z">
          <reporter-output>
          </reporter-output>
        </test-method> <!-- afterUploadTest -->
      </class> <!-- seleniumPracticeTest.FileUploadTest -->
    </test> <!-- Test8 -->
  </suite> <!-- Suite -->
</testng-results>
